10
15
101
314
325
355
166
4
213
42
128
149
183
327
22
242
335
46
120
292
96
163
7
40
210
2
41
90
40
65
14
322
163
162
28
151
186
127
129
38
23
100
17
287
161
68
194
36
275
204
302
41
22
199
13
120
19
221
310
16
52
76
32
60
7
290
150
102
181
300
244
149
245
89
179
2
331
195
9
45
212
17
197
92
116
83
88
84
115
106
76
281
106
2
19
207
2
25
248
281
182
8
341
16
37
319
337
98
108
161
66
64
223
38
127
131
1
17
124
1
11
73
82
6
152
290
106
2
277
292
271
73
297
115
302
289
67
364
200
290
54
309
233
55
72
104
2
288
273
52
6
38
158
160
221
325
2
144
67
47
32
128
94
40
228
19
261
16
177
151
44
8
108
176
153
55
11
241
288
178
70
293
277
84
339
129
142
46
347
145
323
10
115
65
59
71
156
78
182
49
12
36
52
93
61
39
286
5
105
161
171
28
105
174
87
252
256
60
108
217
141
4
43
22
47
191
109
270
121
173
43
160
119
49
40
300
11
114
239
191
26
67
74
316
180
202
61
105
263
232
9
21
37
236
169
72
137
47
122
29
32
140
181
133
332
99
4
98
176
78
11
89
20
5
112
25
72
83
123
120
93
116
34
27
211
86
Impossible
287
60
52
124
208
152
160
78
43
54
142
288
37
71
114
23
92
28
51
188
23
13
86
65
275
172
43
90
126
99
286
104
19
118
41
329
238
16
49
102
1
241
46
221
42
22
97
55
50
44
141
299
233
179
44
1
13
179
19
289
56
235
88
158
206
59
12
40
118
68
133
201
163
64
91
265
4
36
81
115
16
21
58
7
115
60
22
247
106
215
57
280
304
243
47
207
134
101
315
273
114
137
Impossible
123
97
64
43
5
25
50
15
87
76
31
149
42
214
75
34
289
56
106
244
36
84
13
122
146
128
250
60
50
157
9
204
2
1
93
45
140
4
13
60
3
30
11
74
290
253
42
168
345
2
133
2
112
176
30
85
11
7
35
108
13
16
131
60
97
33
252
232
31
106
96
195
317
181
345
54
97
133
15
306
24
87
244
122
75
323
113
12
242
98
26
31
348
330
80
328
116
252
163
71
111
188
47
344
166
17
230
47
318
341
10
15
118
54
95
225
108
55
231
103
131
214
16
76
92
126
6
276
19
2
164
226
178
18
6
25
145
165
42
44
175
58
4
317
50
119
134
329
101
33
67
148
8
2
78
308
61
249
112
15
206
289
84
139
129
43
289
20
118
66
5
321
10
47
128
301
1
131
140
60
35
278
215
106
22
1
161
354
318
195
116
8
80
317
224
25
74
48
87
7
125
52
123
15
18
53
70
92
26
244
31
6
69
9
46
118
176
64
53
12
23
30
24
109
321
218
121
349
4
191
11
43
55
218
179
48
296
182
59
112
274
264
18
35
29
265
236
135
329
39
144
91
153
188
73
320
47
234
145
93
157
3
249
283
32
181
118
109
4
212
227
124
171
110
168
20
103
152
173
8
208
53
89
100
125
10
14
16
1
16
18
219
44
231
227
139
22
276
5
323
290
116
18
19
123
50
66
162
4
260
206
145
127
323
18
101
298
17
125
108
329
25
44
74
4
4
243
54
325
244
173
321
20
238
229
352
108
87
34
188
21
232
3
34
183
134
342
39
210
62
137
70
207
56
77
173
16
49
181
249
50
78
89
76
174
152
109
3
91
57
176
281
60
326
31
36
4
31
178
278
59
173
230
331
186
194
228
86
191
39
52
7
276
77
183
45
23
3
158
276
155
28
128
142
208
6
67
307
13
102
162
119
97
76
94
24
18
271
28
137
67
27
325
105
142
177
60
121
212
269
175
87
219
49
54
124
21
357
302
202
212
293
57
18
94
123
350
136
242
19
143
9
52
212
136
95
148
43
35
56
13
155
82
45
24
244
33
190
126
24
8
20
114
135
109
23
55
324
171
269
3
37
239
49
189
25
109
334
90
200
98
149
68
229
230
23
241
202
299
56
54
214
296
14
341
188
152
229
273
53
242
75
265
137
197
4
182
64
164
139
82
6
90
297
317
9
55
353
75
368
44
39
25
269
197
334
55
75
37
234
251
108
24
85
113
34
40
164
31
27
199
34
63
65
159
246
163
132
255
101
54
135
32
120
6
24
54
113
315
125
137
230
64
161
216
185
84
202
109
222
322
58
16
121
106
316
297
213
302
130
218
169
144
146
133
268
67
51
1
252
340
84
109
337
289
215
110
3
6
30
2
21
297
246
214
19
98
37
65
11
339
300
221
32
22
35
239
1
64
77
73
145
15
70
1
49
226
54
63
39
45
90
341
218
183
154
59
66
2
76
196
13
4
3
141
156
127
133
206
105
251
116
147
201
13
287
108
293
280
38
225
44
23
161
140
94
131
96
13
38
6
241
23
214
125
78
74
50
210
56
188
265
118
61
7
146
65
126
124
144
6
97
172
205
349
34
67
269
177
18
191
79
53
112
336
55
281
236
217
185
134
63
285
346
28
208
355
328
21
22
240
290
163
57
65
87
295
25
222
41
257
14
180
170
23
107
42
150
50
48
305
117
43
297
252
72
306
61
19
20
235
186
5
283
24
86
9
342
46
364
125
318
12
284
76
105
283
159
12
57
32
131
216
52
36
222
32
229
187
12
29
167
163
9
45
47
206
141
49
58
58
76
26
14
208
344
228
18
121
263
105
63
27
260
61
48
327
353
148
274
34
119
281
93
33
24
52
137
78
57
205
1
280
13
85
94
44
94
343
48
10
63
62
53
34
151
318
2
117
62
80
63
331
109
1
333
50
25
34
48
86
28
68
54
196
307
36
182
223
189
312
75
51
11
15
36
171
273
33
237
143
194
220
100
155
238
335
119
25
190
106
133
154
46
28
243
15
15
28
125
72
40
2
57
175
44
17
308
93
73
26
117
105
47
347
135
17
4
110
176
331
29
146
137
180
99
242
312
145
10
60
69
84
24
344
3
143
254
256
147
6
130
48
237
287
208
160
98
145
22
16
162
46
168
145
38
343
5
46
324
58
4
152
10
149
81
41
307
88
260
167
138
11
115
223
69
16
107
45
72
39
4
310
171
260
62
96
260
84
164
176
102
103
323
26
19
129
349
46
12
119
317
176
49
133
15
227
110
72
4
161
131
239
110
2
262
62
345
12
341
110
274
331
55
83
1
37
326
317
81
351
233
47
47
41
14
25
262
211
46
36
228
299
25
10
93
36
4
318
38
37
6
184
169
214
187
40
315
15
39
85
204
172
68
22
223
252
69
42
74
140
47
226
48
175
140
236
7
22
183
48
34
87
347
83
40
149
43
202
69
25
14
17
337
2
15
194
308
133
126
234
291
359
118
178
134
50
67
271
51
317
232
85
351
144
272
221
333
7
178
19
16
15
226
285
128
139
105
15
357
186
241
267
118
29
79
185
288
11
21
98
1
249
149
59
176
293
33
92
68
26
77
159
220
122
27
233
103
14
158
223
7
184
131
331
318
55
3
105
312
14
204
163
119
99
111
6
88
250
224
140
244
126
91
29
7
66
134
19
108
285
119
29
110
199
4
76
16
259
247
86
327
274
308
42
153
299
13
322
152
48
356
44
89
148
68
240
154
334
226
332
124
164
260
228
39
23
36
165
44
147
138
69
136
178
130
122
22
29
115
327
364
19
26
90
343
64
2
53
18
21
28
48
32
130
217
30
55
165
241
9
170
54
194
197
109
256
281
24
169
119
60
170
252
111
Impossible
137
94
287
99
144
122
150
202
131
137
268
21
133
39
35
18
150
61
6
335
56
251
24
1
40
314
174
28
301
51
230
223
3
301
197
209
127
313
34
173
80
193
39
29
196
176
215
306
10
280
339
18
107
82
334
333
174
113
62
8
77
92
37
92
290
39
29
130
36
285
173
55
71
121
49
344
17
164
80
22
299
135
118
61
191
107
26
82
248
109
325
317
105
36
77
11
217
109
33
100
133
93
263
179
236
65
303
35
42
60
46
214
28
325
47
48
89
72
330
82
172
93
68
34
265
62
130
328
23
46
30
161
28
73
26
37
332
324
322
126
75
50
166
26
16
16
28
53
73
108
177
304
57
223
293
63
256
69
13
142
77
190
114
24
104
94
4
319
55
59
150
124
19
54
4
47
299
110
238
164
22
310
181
189
18
56
114
198
17
24
224
160
34
91
105
227
69
90
118
231
44
116
116
4
150
321
111
12
125
343
247
73
207
183
43
1
301
181
15
69
60
13
183
185
136
110
284
84
104
42
175
51
15
222
30
99
186
147
43
29
15
38
25
3
65
280
310
72
67
66
139
229
2
250
40
32
10
135
247
10
112
24
203
57
16
143
291
214
159
41
28
305
88
133
317
150
36
88
11
193
104
17
12
32
170
26
93
373
139
304
45
227
321
289
40
91
212
134
335
22
43
100
125
14
159
141
24
83
38
28
174
16
44
12
52
245
52
83
314
24
11
41
4
73
219
306
287
55
133
157
70
276
39
129
166
165
31
157
12
219
185
124
222
90
342
298
1
101
174
157
85
308
73
270
102
158
123
166
18
4
299
110
103
222
19
40
86
237
25
112
27
6
236
35
315
152
193
101
125
106
72
277
196
227
174
114
186
55
161
17
117
42
161
36
192
155
96
14
242
122
212
100
8
165
81
330
119
347
161
168
105
12
323
49
12
15
108
97
25
32
60
35
38
111
55
100
93
37
36
313
71
347
132
67
259
167
259
21
194
78
160
73
84
69
102
63
76
162
161
333
331
328
33
52
5
17
59
135
49
23
39
333
20
26
246
278
89
243
131
61
15
22
267
10
257
59
37
207
185
21
162
283
326
45
136
24
215
162
150
31
29
308
173
344
210
112
32
43
117
286
80
176
105
34
11
124
97
115
110
25
137
191
336
203
17
323
29
132
145
14
0
50
227
46
300
331
109
55
16
22
50
183
247
15
135
58
285
197
209
108
302
42
31
256
40
122
15
109
65
93
3
91
338
114
92
105
87
23
53
54
311
70
97
4
157
62
8
221
17
33
207
9
27
42
41
29
48
7
68
44
33
33
188
313
92
142
305
278
167
30
219
11
66
66
351
88
189
183
152
223
155
98
223
209
41
210
157
254
224
269
167
219
48
155
63
17
106
25
245
133
104
184
38
158
327
48
140
32
111
17
63
95
38
278
152
187
23
280
185
112
2
6
348
13
33
357
139
5
251
45
242
201
152
171
161
282
288
1
48
65
308
77
315
69
148
20
8
109
175
1
98
4
18
153
81
162
94
66
181
43
30
116
55
180
315
63
327
7
114
15
125
192
63
239
14
78
78
74
339
241
95
36
53
191
232
322
354
6
165
176
51
97
80
94
67
197
158
2
236
18
48
7
82
338
26
36
101
75
46
277
82
180
12
146
87
82
49
127
270
107
149
223
98
136
37
26
44
131
137
165
147
199
38
269
95
63
149
157
217
282
326
185
156
125
17
269
125
212
93
212
154
63
41
7
318
142
352
78
22
22
66
233
264
278
25
33
208
29
30
50
192
326
162
139
12
70
29
66
29
61
98
149
362
14
124
119
11
304
10
128
66
105
12
97
40
159
147
198
350
28
31
60
95
55
82
56
167
241
228
77
353
11
276
294
37
332
97
41
69
23
75
99
67
28
294
5
14
166
248
78
1
62
58
57
162
25
5
286
199
93
109
131
16
63
327
95
313
221
133
186
3
135
340
11
49
67
144
29
32
201
140
17
252
73
240
364
19
66
198
198
329
74
118
2
80
30
112
41
96
368
19
129
331
133
10
86
206
56
95
6
31
68
163
78
336
319
93
11
111
126
53
335
257
295
62
323
156
315
327
46
82
122
172
15
65
259
111
251
13
21
319
25
344
143
4
49
156
62
194
62
237
86
241
222
1
129
130
231
29
4
146
28
11
91
340
304
60
41
261
140
19
83
122
198
42
154
281
85
252
76
167
348
339
20
300
43
222
109
190
327
331
132
39
307
137
5
60
9
99
144
126
63
106
221
71
246
45
66
171
115
121
101
152
178
143
224
197
141
18
33
20
18
5
286
272
2
189
128
241
7
127
65
29
101
243
100
13
155
47
190
157
96
287
346
179
7
30
38
336
171
73
19
24
8
85
170
354
127
114
41
96
5
135
45
332
146
93
40
54
17
75
66
297
156
296
8
20
77
167
305
112
71
215
3
143
78
307
215
169
34
35
272
8
126
99
15
127
18
289
20
41
142
120
52
99
4
83
12
194
350
40
87
136
140
257
267
9
14
174
15
336
88
130
53
96
172
86
93
38
98
89
120
245
24
162
249
28
131
2
344
31
14
85
224
243
348
131
227
60
12
64
256
86
19
318
114
77
329
53
54
36
340
35
47
227
10
277
174
15
111
150
247
200
44
23
12
95
2
184
9
257
138
22
65
138
130
316
9
96
206
35
14
116
67
30
65
125
67
209
274
333
5
73
68
226
18
180
116
4
107
119
73
24
40
36
348
26
222
163
355
70
304
132
91
1
1
20
180
4
210
192
138
106
343
11
54
9
69
6
211
46
12
91
210
26
196
76
31
329
366
1
224
89
57
20
174
93
126
326
4
43
163
221
133
5
66
50
76
35
80
4
199
30
154
300
50
254
9
50
114
103
278
50
21
32
252
28
328
29
3
35
284
164
124
154
339
82
299
61
339
45
28
199
101
348
151
2
153
30
3
21
204
80
1
210
19
90
105
46
38
20
124
109
159
32
270
252
39
17
302
16
222
271
91
320
288
294
115
274
5
240
25
52
159
162
160
42
137
71
332
66
305
65
150
296
13
169
344
131
236
2
316
222
121
4
143
119
199
167
93
90
125
278
23
152
291
1
306
133
52
117
26
247
323
54
91
197
111
51
107
19
259
31
145
25
64
186
65
295
88
136
286
98
15
136
279
88
143
193
46
38
12
65
228
159
34
268
184
80
11
95
27
45
117
84
84
66
125
109
211
29
65
57
276
159
196
188
42
34
125
99
185
16
274
58
19
115
293
108
97
30
132
5
172
97
47
35
3
179
132
310
263
10
210
132
2
242
80
311
210
6
2
31
167
229
88
257
34
117
4
166
60
26
255
2
120
171
212
256
170
112
74
192
25
60
103
54
71
225
93
329
103
301
229
29
154
37
324
238
11
323
91
11
319
51
345
179
10
305
331
4
81
76
156
95
306
41
112
96
270
32
265
189
100
37
43
34
23
215
323
31
10
151
221
17
71
25
208
80
15
315
120
142
200
49
2
67
52
5
12
56
15
77
5
65
57
107
46
55
199
244
104
315
254
37
307
170
41
303
151
153
354
53
6
320
96
51
63
224
30
171
62
101
78
12
155
37
327
2
45
2
4
38
172
141
94
332
260
58
165
169
3
33
257
264
259
321
77
206
216
255
5
220
187
22
153
242
186
248
7
315
48
112
1
227
25
107
70
298
163
11
161
64
120
234
268
39
285
58
132
294
326
319
54
314
87
259
39
95
159
135
24
176
12
19
41
123
135
81
63
5
246
305
246
64
187
60
131
35
295
48
145
336
59
138
142
344
30
63
7
7
11
23
335
41
328
13
105
41
158
327
280
21
153
148
62
27
140
61
58
11
40
176
80
258
179
254
99
254
51
28
33
45
20
76
31
254
131
21
169
360
86
25
322
88
171
15
330
54
331
129
295
307
290
335
92
56
73
55
150
36
338
212
156
115
63
325
46
25
26
260
305
92
86
107
87
241
138
334
107
47
139
126
3
186
10
118
24
338
21
99
245
189
218
101
29
295
237
103
17
42
299
Impossible
118
162
98
84
253
135
88
36
15
63
208
68
9
207
245
147
242
87
62
134
113
5
116
2
59
8
61
24
208
217
11
25
169
323
47
45
9
157
237
232
14
62
33
105
310
127
23
8
2
27
5
81
349
194
107
298
120
7
40
112
279
71
45
65
291
75
191
177
325
113
93
134
71
276
298
170
163
44
85
105
232
363
261
284
187
60
72
59
13
296
92
49
91
146
267
10
55
134
12
251
245
4
93
337
66
109
59
27
66
243
10
10
114
125
266
97
122
286
229
79
210
12
60
8
56
116
336
167
105
71
1
141
191
18
20
32
330
311
17
315
42
15
280
90
128
222
61
328
22
127
84
167
201
142
295
37
58
64
149
58
303
81
91
25
96
63
1
201
213
243
68
17
170
129
19
104
36
114
9
341
55
304
1
330
70
38
49
1
131
3
47
4
53
37
1
24
39
284
120
276
92
72
194
64
53
17
5
50
80
27
318
214
277
45
160
112
84
273
4
200
328
52
64
261
235
82
323
36
58
70
5
118
280
54
321
47
33
231
88
74
9
149
237
22
75
9
328
142
186
145
2
266
110
155
114
330
28
86
86
277
104
21
7
208
216
34
90
298
38
74
309
194
312
62
219
25
193
135
248
258
16
3
297
122
58
15
3
97
1
125
24
56
70
108
21
231
173
7
179
138
174
126
110
327
66
3
307
129
109
6
1
221
96
165
14
121
194
32
107
25
23
102
42
54
247
313
139
23
236
36
47
10
309
304
175
15
7
247
115
126
52
126
261
39
350
6
15
264
35
42
322
172
7
174
275
184
30
202
269
9
67
153
181
94
6
233
207
257
57
306
301
117
88
194
172
1
5
16
38
134
106
18
67
5
298
281
24
271
209
7
266
88
135
125
65
137
90
28
84
19
267
54
289
57
23
291
50
295
15
73
179
214
29
29
78
3
91
136
297
235
6
282
90
286
306
93
60
18
16
2
239
216
307
235
25
29
349
304
256
48
122
278
173
121
55
238
21
241
8
288
61
37
127
294
340
26
50
331
324
60
163
47
27
327
62
199
236
226
340
6
91
97
20
13
135
180
54
158
233
172
383
42
316
91
309
32
11
31
163
5
228
31
229
256
254
103
111
24
62
76
90
44
118
123
3
302
273
82
162
28
149
7
312
170
331
15
66
87
328
9
309
176
44
20
31
170
59
288
341
183
15
7
87
84
307
31
21
208
218
152
97
122
214
30
8
328
46
62
90
49
21
130
127
166
311
108
228
344
342
30
113
17
45
59
32
7
19
24
321
183
86
45
29
58
96
32
126
33
78
176
2
163
43
311
189
262
202
82
48
268
22
106
87
26
153
280
49
12
26
285
312
10
96
78
3
320
73
269
11
37
344
160
138
50
96
254
158
183
23
77
72
38
10
58
61
256
213
36
18
37
272
23
71
33
20
234
61
34
166
241
20
285
153
54
58
49
164
152
167
34
3
49
246
129
159
194
15
94
111
2
284
9
292
329
48
12
255
77
286
28
32
59
315
32
36
300
142
36
60
141
171
4
225
3
66
335
338
34
183
117
129
53
31
53
224
268
88
58
195
242
43
68
344
164
138
294
121
140
323
148
316
173
67
265
55
58
118
183
156
330
39
166
59
112
25
195
68
340
132
353
271
120
150
112
32
113
26
11
179
77
335
28
64
67
42
189
295
76
71
119
43
278
75
325
95
26
92
11
110
287
142
161
208
18
251
102
55
44
329
44
132
127
279
6
87
189
334
47
258
128
111
123
265
137
47
59
164
88
12
35
41
243
13
176
12
2
133
127
206
5
301
18
194
6
173
69
34
25
325
235
139
196
191
319
48
169
34
63
295
222
67
171
125
100
45
291
69
42
53
1
6
53
8
230
281
85
50
294
26
41
59
3
57
76
2
4
241
107
110
255
82
272
150
44
92
61
168
209
7
189
63
142
22
65
35
16
154
229
9
85
45
3
44
80
45
15
311
16
25
177
2
22
222
302
15
189
137
302
18
20
112
74
111
194
281
92
41
104
126
166
43
21
153
195
40
335
315
77
3
173
123
138
29
42
107
312
151
61
83
87
8
73
125
166
15
107
73
213
251
8
21
13
218
48
288
71
198
261
60
14
58
103
58
242
86
22
267
16
75
125
49
45
20
238
312
42
31
338
93
349
89
143
30
229
266
37
359
2
101
101
314
13
95
339
140
43
320
313
264
23
159
250
338
11
207
152
282
42
18
120
4
255
293
168
282
29
5
75
146
259
141
200
32
142
5
153
34
139
355
274
343
47
1
71
353
5
40
166
182
57
141
114
293
4
114
182
53
109
14
31
337
34
96
225
100
212
165
68
269
257
40
44
253
29
66
262
163
55
7
150
27
319
63
17
201
31
246
182
43
127
14
19
321
282
310
233
43
3
296
336
9
275
5
124
140
195
330
109
318
163
55
4
32
15
2
138
343
233
110
18
97
193
213
69
5
221
14
116
257
302
208
313
43
348
38
157
324
123
28
291
126
44
78
180
9
273
221
123
341
36
327
96
259
232
138
41
139
230
2
13
90
100
160
232
26
36
223
52
16
81
16
122
33
91
49
204
132
33
51
150
15
175
3
39
65
44
331
288
279
298
66
10
158
116
49
72
350
6
62
92
79
92
337
223
225
266
19
72
346
188
284
253
282
19
3
119
30
240
32
350
157
206
180
29
62
266
165
27
352
49
47
298
13
255
0
5
31
229
40
110
104
239
245
72
88
5
22
37
244
54
25
14
230
71
8
3
312
42
3
270
64
132
48
186
162
311
184
5
26
130
21
340
154
154
72
133
38
21
239
44
73
156
70
137
70
63
56
266
41
161
63
36
103
247
63
101
20
66
110
26
330
58
215
32
323
2
42
20
2
101
33
284
85
51
257
10
162
4
37
12
333
343
19
100
68
339
109
14
174
175
48
71
23
95
147
47
61
255
57
82
38
67
110
62
273
5
58
191
168
314
5
18
118
144
337
245
168
227
53
58
60
39
55
341
21
32
228
184
42
152
277
27
10
6
33
116
54
233
264
16
196
98
29
75
26
9
53
172
191
240
25
124
89
99
2
88
200
60
178
8
64
58
314
19
79
50
16
130
328
307
121
13
182
56
34
148
148
234
144
72
268
20
194
65
22
151
250
34
24
165
186
146
331
16
183
206
29
17
3
222
175
70
308
44
327
341
26
31
60
206
215
112
244
105
55
173
99
15
12
35
84
233
195
132
244
87
166
37
235
284
329
144
171
21
17
282
113
31
306
325
97
56
167
121
9
66
233
109
120
8
174
166
133
333
291
31
64
97
3
56
2
334
79
113
125
28
183
96
95
137
101
104
54
218
263
50
294
95
103
155
12
257
312
21
78
25
5
78
5
21
90
146
18
176
114
29
74
154
144
24
38
235
14
211
149
295
268
204
107
138
29
118
162
10
177
19
113
100
19
4
117
72
33
341
202
366
13
29
208
13
25
